<?xml version="1.0" encoding="UTF-8"?>
<Site BuildName="Linux-g++"
	BuildStamp="20230802-0652-Experimental"
	Name="DESKTOP-ENQ5834"
	Generator="ctest-3.22.1"
	CompilerName="/usr/bin/g++"
	CompilerVersion="11.4.0"
	OSName="Linux"
	Hostname="DESKTOP-ENQ5834"
	OSRelease="5.15.90.1-microsoft-standard-WSL2"
	OSVersion="#1 SMP Fri Jan 27 02:56:13 UTC 2023"
	OSPlatform="x86_64"
	Is64Bits="1"
	VendorString="AuthenticAMD"
	VendorID="Advanced Micro Devices"
	FamilyID="25"
	ModelID="80"
	ProcessorCacheSize="512"
	NumberOfLogicalCPU="12"
	NumberOfPhysicalCPU="6"
	TotalVirtualMemory="2048"
	TotalPhysicalMemory="7597"
	LogicalProcessorsPerPhysical="2"
	ProcessorClockFrequency="2295.69"
	>
	<Testing>
		<StartDateTime>Aug 02 15:53 KST</StartDateTime>
		<StartTestTime>1690959223</StartTestTime>
		<TestList/>
		<EndDateTime>Aug 02 15:53 KST</EndDateTime>
		<EndTestTime>1690959223</EndTestTime>
		<ElapsedMinutes>0</ElapsedMinutes>
	</Testing>
</Site>
